<?xml version="1.0" encoding="UTF-8"?>
<testsuite xmlns:xsi="http://www.w3.org/2001/XMLSchema-instance" xsi:noNamespaceSchemaLocation="https://maven.apache.org/surefire/maven-surefire-plugin/xsd/surefire-test-report.xsd" version="3.0.2" name="bank_services_app.BankServicesAppApplicationTests" time="8.498" tests="1" errors="0" skipped="0" failures="0">
  <properties>
[...]
</properties>
  <testcase name="contextLoads" classname="bank_services_app.BankServicesAppApplicationTests" time="0.57">
    <system-out><![CDATA[13:50:08.859 [main] INFO org.springframework.test.context.support.AnnotationConfigContextLoaderUtils -- Could not detect default configuration classes for test class [bank_services_app.BankServicesAppApplicationTests]: BankServicesAppApplicationTests does not declare any static, non-private, non-final, nested classes annotated with @Configuration.
13:50:08.997 [main] INFO org.springframework.boot.test.context.SpringBootTestContextBootstrapper -- Found @SpringBootConfiguration bank_services_app.BankServicesAppApplication for test class bank_services_app.BankServicesAppApplicationTests

  .   ____          _            __ _ _
 /\\ / ___'_ __ _ _(_)_ __  __ _ \ \ \ \
( ( )\___ | '_ | '_| | '_ \/ _` | \ \ \ \
 \\/  ___)| |_)| | | | | || (_| |  ) ) ) )
  '  |____| .__|_| |_|_| |_\__, | / / / /
 =========|_|==============|___/=/_/_/_/

 :: Spring Boot ::                (v4.0.2)

2026-06-16T13:50:09.775+05:30  INFO 211784 --- [paypulse-banking-app] [           main] b.BankServicesAppApplicationTests        : Starting BankServicesAppApplicationTests using Java 17.0.18 with PID 211784 (started by prani in C:\Users\prani\OneDrive\Documents\bank-app-frontend\bank-services-app)
2026-06-16T13:50:09.777+05:30  INFO 211784 --- [paypulse-banking-app] [           main] b.BankServicesAppApplicationTests        : No active profile set, falling back to 1 default profile: "default"
2026-06-16T13:50:10.941+05:30  INFO 211784 --- [paypulse-banking-app] [           main] .s.d.r.c.RepositoryConfigurationDelegate : Bootstrapping Spring Data JPA repositories in DEFAULT mode.
2026-06-16T13:50:11.026+05:30  INFO 211784 --- [paypulse-banking-app] [           main] .s.d.r.c.RepositoryConfigurationDelegate : Finished Spring Data repository scanning in 68 ms. Found 4 JPA repository interfaces.
2026-06-16T13:50:11.830+05:30  INFO 211784 --- [paypulse-banking-app] [           main] org.hibernate.orm.jpa                    : HHH008540: Processing PersistenceUnitInfo [name: default]
2026-06-16T13:50:11.975+05:30  INFO 211784 --- [paypulse-banking-app] [           main] org.hibernate.orm.core                   : HHH000001: Hibernate ORM core version 7.2.1.Final
2026-06-16T13:50:12.884+05:30  INFO 211784 --- [paypulse-banking-app] [           main] o.s.o.j.p.SpringPersistenceUnitInfo      : No LoadTimeWeaver setup: ignoring JPA class transformer
2026-06-16T13:50:12.925+05:30  INFO 211784 --- [paypulse-banking-app] [           main] com.zaxxer.hikari.HikariDataSource       : HikariPool-1 - Starting...
2026-06-16T13:50:13.310+05:30  INFO 211784 --- [paypulse-banking-app] [           main] com.zaxxer.hikari.pool.HikariPool        : HikariPool-1 - Added connection org.postgresql.jdbc.PgConnection@780a91d0
2026-06-16T13:50:13.312+05:30  INFO 211784 --- [paypulse-banking-app] [           main] com.zaxxer.hikari.HikariDataSource       : HikariPool-1 - Start completed.
2026-06-16T13:50:13.366+05:30  WARN 211784 --- [paypulse-banking-app] [           main] org.hibernate.orm.deprecation            : HHH90000025: PostgreSQLDialect does not need to be specified explicitly using 'hibernate.dialect' (remove the property setting and it will be selected by default)
2026-06-16T13:50:13.408+05:30  INFO 211784 --- [paypulse-banking-app] [           main] org.hibernate.orm.connections.pooling    : HHH10001005: Database info:
	Database JDBC URL [jdbc:postgresql://localhost:5432/bank-app]
	Database driver: PostgreSQL JDBC Driver
	Database dialect: PostgreSQLDialect
	Database version: 18.1
	Default catalog/schema: bank-app/public
	Autocommit mode: undefined/unknown
	Isolation level: READ_COMMITTED [default READ_COMMITTED]
	JDBC fetch size: none
	Pool: DataSourceConnectionProvider
	Minimum pool size: undefined/unknown
	Maximum pool size: undefined/unknown
2026-06-16T13:50:14.759+05:30  INFO 211784 --- [paypulse-banking-app] [           main] org.hibernate.orm.core                   : HHH000489: No JTA platform available (set 'hibernate.transaction.jta.platform' to enable JTA platform integration)
2026-06-16T13:50:14.846+05:30  INFO 211784 --- [paypulse-banking-app] [           main] j.LocalContainerEntityManagerFactoryBean : Initialized JPA EntityManagerFactory for persistence unit 'default'
2026-06-16T13:50:14.966+05:30  INFO 211784 --- [paypulse-banking-app] [           main] o.s.d.j.r.query.QueryEnhancerFactories   : Hibernate is in classpath; If applicable, HQL parser will be used.
2026-06-16T13:50:15.436+05:30  INFO 211784 --- [paypulse-banking-app] [           main] eAuthenticationProviderManagerConfigurer : Global AuthenticationManager configured with AuthenticationProvider bean with name authProvider
2026-06-16T13:50:15.437+05:30  WARN 211784 --- [paypulse-banking-app] [           main] r$InitializeUserDetailsManagerConfigurer : Global AuthenticationManager configured with an AuthenticationProvider bean. UserDetailsService beans will not be used by Spring Security for automatically configuring username/password login. Consider removing the AuthenticationProvider bean. Alternatively, consider using the UserDetailsService in a manually instantiated DaoAuthenticationProvider. If the current configuration is intentional, to turn off this warning, increase the logging level of 'org.springframework.security.config.annotation.authentication.configuration.InitializeUserDetailsBeanManagerConfigurer' to ERROR
2026-06-16T13:50:15.617+05:30  WARN 211784 --- [paypulse-banking-app] [           main] JpaBaseConfiguration$JpaWebConfiguration : spring.jpa.open-in-view is enabled by default. Therefore, database queries may be performed during view rendering. Explicitly configure spring.jpa.open-in-view to disable this warning
2026-06-16T13:50:15.982+05:30 DEBUG 211784 --- [paypulse-banking-app] [           main] o.s.s.web.DefaultSecurityFilterChain     : Will secure any request with filters: DisableEncodeUrlFilter, WebAsyncManagerIntegrationFilter, SecurityContextHolderFilter, HeaderWriterFilter, CorsFilter, LogoutFilter, JwtFilter, RequestCacheAwareFilter, SecurityContextHolderAwareRequestFilter, AnonymousAuthenticationFilter, SessionManagementFilter, ExceptionTranslationFilter, AuthorizationFilter
2026-06-16T13:50:16.501+05:30  INFO 211784 --- [paypulse-banking-app] [           main] b.BankServicesAppApplicationTests        : Started BankServicesAppApplicationTests in 7.259 seconds (process running for 9.049)
]]></system-out>
  </testcase>
</testsuite>